  CGame.cpp
  Game.cpp
  PlayerField.cpp
C:\Users\Medion\Documents\HS\Programmieren\cgame\notice_and_react\CGame\PlayerField.cpp(42,47): warning C4244: "=": Konvertierung von "uint64_t" in "int", möglicher Datenverlust
C:\Users\Medion\Documents\HS\Programmieren\cgame\notice_and_react\CGame\PlayerField.cpp(43,28): warning C4244: "=": Konvertierung von "uint64_t" in "int", möglicher Datenverlust
C:\Users\Medion\Documents\HS\Programmieren\cgame\notice_and_react\CGame\PlayerField.cpp(44,26): warning C4244: "=": Konvertierung von "uint64_t" in "int", möglicher Datenverlust
C:\Users\Medion\Documents\HS\Programmieren\cgame\notice_and_react\CGame\PlayerField.cpp(45,26): warning C4244: "=": Konvertierung von "uint64_t" in "int", möglicher Datenverlust
C:\Users\Medion\Documents\HS\Programmieren\cgame\notice_and_react\CGame\PlayerField.cpp(49,77): warning C4244: "Argument": Konvertierung von "double" in "Uint8", möglicher Datenverlust
C:\Users\Medion\Documents\HS\Programmieren\cgame\notice_and_react\CGame\PlayerField.cpp(49,62): warning C4244: "Argument": Konvertierung von "double" in "Uint8", möglicher Datenverlust
C:\Users\Medion\Documents\HS\Programmieren\cgame\notice_and_react\CGame\PlayerField.cpp(49,47): warning C4244: "Argument": Konvertierung von "double" in "Uint8", möglicher Datenverlust
C:\Users\Medion\Documents\HS\Programmieren\cgame\notice_and_react\CGame\PlayerField.cpp(79,47): warning C4244: "=": Konvertierung von "uint64_t" in "int", möglicher Datenverlust
C:\Users\Medion\Documents\HS\Programmieren\cgame\notice_and_react\CGame\PlayerField.cpp(80,28): warning C4244: "=": Konvertierung von "uint64_t" in "int", möglicher Datenverlust
C:\Users\Medion\Documents\HS\Programmieren\cgame\notice_and_react\CGame\PlayerField.cpp(81,26): warning C4244: "=": Konvertierung von "uint64_t" in "int", möglicher Datenverlust
C:\Users\Medion\Documents\HS\Programmieren\cgame\notice_and_react\CGame\PlayerField.cpp(82,26): warning C4244: "=": Konvertierung von "uint64_t" in "int", möglicher Datenverlust
C:\Users\Medion\Documents\HS\Programmieren\cgame\notice_and_react\CGame\PlayerField.cpp(138,35): warning C4244: "=": Konvertierung von "uint64_t" in "int", möglicher Datenverlust
C:\Users\Medion\Documents\HS\Programmieren\cgame\notice_and_react\CGame\PlayerField.cpp(139,35): warning C4244: "=": Konvertierung von "uint64_t" in "int", möglicher Datenverlust
C:\Users\Medion\Documents\HS\Programmieren\cgame\notice_and_react\CGame\PlayerField.cpp(140,35): warning C4244: "=": Konvertierung von "uint64_t" in "int", möglicher Datenverlust
C:\Users\Medion\Documents\HS\Programmieren\cgame\notice_and_react\CGame\PlayerField.cpp(141,35): warning C4244: "=": Konvertierung von "uint64_t" in "int", möglicher Datenverlust
C:\Users\Medion\Documents\HS\Programmieren\cgame\notice_and_react\CGame\PlayerField.cpp(185,20): warning C4244: "-=": Konvertierung von "uint64_t" in "int", möglicher Datenverlust
C:\Users\Medion\Documents\HS\Programmieren\cgame\notice_and_react\CGame\PlayerField.cpp(191,20): warning C4244: "+=": Konvertierung von "uint64_t" in "int", möglicher Datenverlust
C:\Users\Medion\Documents\HS\Programmieren\cgame\notice_and_react\CGame\PlayerField.cpp(197,20): warning C4244: "-=": Konvertierung von "uint64_t" in "int", möglicher Datenverlust
C:\Users\Medion\Documents\HS\Programmieren\cgame\notice_and_react\CGame\PlayerField.cpp(203,20): warning C4244: "+=": Konvertierung von "uint64_t" in "int", möglicher Datenverlust
  StartMenue.cpp
C:\Users\Medion\Documents\HS\Programmieren\cgame\notice_and_react\CGame\StartMenue.cpp(15,32): warning C4244: "=": Konvertierung von "uint64_t" in "int", möglicher Datenverlust
C:\Users\Medion\Documents\HS\Programmieren\cgame\notice_and_react\CGame\StartMenue.cpp(16,36): warning C4244: "=": Konvertierung von "uint64_t" in "int", möglicher Datenverlust
C:\Users\Medion\Documents\HS\Programmieren\cgame\notice_and_react\CGame\StartMenue.cpp(26,37): warning C4244: "=": Konvertierung von "uint64_t" in "int", möglicher Datenverlust
C:\Users\Medion\Documents\HS\Programmieren\cgame\notice_and_react\CGame\StartMenue.cpp(27,33): warning C4244: "=": Konvertierung von "uint64_t" in "int", möglicher Datenverlust
C:\Users\Medion\Documents\HS\Programmieren\cgame\notice_and_react\CGame\StartMenue.cpp(28,37): warning C4244: "=": Konvertierung von "uint64_t" in "int", möglicher Datenverlust
C:\Users\Medion\Documents\HS\Programmieren\cgame\notice_and_react\CGame\StartMenue.cpp(50,39): warning C4244: "Argument": Konvertierung von "const uint64_t" in "int", möglicher Datenverlust
C:\Users\Medion\Documents\HS\Programmieren\cgame\notice_and_react\CGame\StartMenue.cpp(50,29): warning C4244: "Argument": Konvertierung von "const uint64_t" in "int", möglicher Datenverlust
C:\Users\Medion\Documents\HS\Programmieren\cgame\notice_and_react\CGame\StartMenue.cpp(80,5): warning C4244: "Argument": Konvertierung von "const uint64_t" in "int", möglicher Datenverlust
C:\Users\Medion\Documents\HS\Programmieren\cgame\notice_and_react\CGame\StartMenue.cpp(79,32): warning C4244: "Argument": Konvertierung von "uint64_t" in "int", möglicher Datenverlust
  Code wird generiert...
  CGame.vcxproj -> C:\Users\Medion\Documents\HS\Programmieren\cgame\notice_and_react\x64\Debug\CGame.exe
